<?xml version="1.0" encoding="UTF-8"?>
<testsuites name="ts1" time="18" tests="1" failures="0" errors="0">
   <testsuite name="ts1" tests="1" failures="0" errors="0" time="18" timestamp="2019-03-20 02:49:34" hostname="alex - 192.168.1.6" id="Test Suites/ts1">
      <properties>
         <property name="deviceName" value=""/>
         <property name="devicePlatform" value=""/>
         <property name="logFolder" value="/Users/alex/git/katalon1/Reports/ts1/20190320_024932"/>
         <property name="logFiles" value="/Users/alex/git/katalon1/Reports/ts1/20190320_024932/execution0.log"/>
         <property name="attachments" value=""/>
         <property name="hostName" value="alex - 192.168.1.6"/>
         <property name="os" value="Mac OS X 64bit"/>
         <property name="katalonVersion" value="6.1.0.1"/>
         <property name="browser" value="Chrome 72.0.3626.121"/>
         <property name="hostAddress" value="192.168.1.6"/>
         <property name="sessionId" value="e3232163e47ad2880ebd505486d68363"/>
         <property name="seleniumVersion" value="3.7.1"/>
         <property name="proxyInformation" value="ProxyInformation{proxyOption=NO_PROXY, proxyServerType=HTTP, password=, proxyServerAddress=, proxyServerPort=0}"/>
         <property name="platform" value="Mac OS X"/>
      </properties>
      <testcase name="Test Cases/New Test Case (1)" classname="Test Cases/New Test Case (1)" status="PASSED">
         <system-out><![CDATA[2019-03-20 02:49:34 - [TEST_CASE][PASSED] - Test Cases/New Test Case (1): Test Cases/New Test Case (1)

2019-03-20 02:49:35 - [TEST_STEP][PASSED] - openBrowser(""): Browser is opened with url: ''

2019-03-20 02:49:35 - [MESSAGE][INFO] - Starting 'Chrome' driver

2019-03-20 02:49:35 - [MESSAGE][INFO] - Action delay is set to 0 seconds

2019-03-20 02:49:37 - [MESSAGE][PASSED] - Browser is opened with url: ''

2019-03-20 02:49:37 - [TEST_STEP][PASSED] - navigateToUrl("https://www.katalon.com/"): Navigate to 'https://www.katalon.com/' successfully

2019-03-20 02:49:39 - [MESSAGE][PASSED] - Navigate to 'https://www.katalon.com/' successfully

2019-03-20 02:49:39 - [TEST_STEP][PASSED] - click(findTestObject("Page_Katalon Studio Simplify API Web Mobile Automation Tests/a_Login")): Object: 'Object Repository/Page_Katalon Studio Simplify API Web Mobile Automation Tests/a_Login' is clicked on

2019-03-20 02:49:40 - [MESSAGE][PASSED] - Object: 'Object Repository/Page_Katalon Studio Simplify API Web Mobile Automation Tests/a_Login' is clicked on

2019-03-20 02:49:40 - [TEST_STEP][PASSED] - setText(findTestObject("Page_Sign in  Katalon Studio/input_Enter your details below_user_email"), "zzzd"): Text 'zzzd' is set on object 'Object Repository/Page_Sign in  Katalon Studio/input_Enter your details below_user_email'

2019-03-20 02:49:41 - [MESSAGE][PASSED] - Text 'zzzd' is set on object 'Object Repository/Page_Sign in  Katalon Studio/input_Enter your details below_user_email'

2019-03-20 02:49:41 - [TEST_STEP][PASSED] - setEncryptedText(findTestObject("Page_Sign in  Katalon Studio/input_Enter your details below_user_pass"), "1rPGswz8OIQ="): Text ****** has been set on object 'Object Repository/Page_Sign in  Katalon Studio/input_Enter your details below_user_pass'

2019-03-20 02:49:41 - [MESSAGE][PASSED] - Text ****** has been set on object 'Object Repository/Page_Sign in  Katalon Studio/input_Enter your details below_user_pass'

2019-03-20 02:49:41 - [TEST_STEP][PASSED] - click(findTestObject("Page_Sign in  Katalon Studio/input_Remember me_login-btn")): Object: 'Object Repository/Page_Sign in  Katalon Studio/input_Remember me_login-btn' is clicked on

2019-03-20 02:49:41 - [MESSAGE][PASSED] - Object: 'Object Repository/Page_Sign in  Katalon Studio/input_Remember me_login-btn' is clicked on

2019-03-20 02:49:41 - [TEST_STEP][PASSED] - get = org/get).openConnection(): null

2019-03-20 02:49:41 - [TEST_STEP][PASSED] - getRC = get.getResponseCode(): null

2019-03-20 02:49:42 - [TEST_STEP][PASSED] - println(getRC): null

2019-03-20 02:49:42 - [TEST_STEP][PASSED] - if (getRC.equals(200)): null

2019-03-20 02:49:42 - [TEST_STEP][PASSED] - println(getInputStream().getText()): null

2019-03-20 02:49:42 - [TEST_STEP][PASSED] - delay(10): Delayed 10 second(s)

2019-03-20 02:49:52 - [MESSAGE][PASSED] - Delayed 10 second(s)

2019-03-20 02:49:52 - [TEST_STEP][PASSED] - setText(findTestObject("Page_Sign in  Katalon Studio/input_Enter your details below_user_email"), "200000"): Text '200000' is set on object 'Object Repository/Page_Sign in  Katalon Studio/input_Enter your details below_user_email'

2019-03-20 02:49:52 - [MESSAGE][PASSED] - Text '200000' is set on object 'Object Repository/Page_Sign in  Katalon Studio/input_Enter your details below_user_email']]></system-out>
         <system-err><![CDATA[]]></system-err>
      </testcase>
      <system-out><![CDATA[2019-03-20 02:49:34 - [TEST_SUITE][PASSED] - ts1: Test Cases/New Test Case (1)]]></system-out>
      <system-err><![CDATA[]]></system-err>
   </testsuite>
</testsuites>
